d10_ordinal1
t64_funct_1
t76_enumset1
t100_relat_1
dt_k4_yellow_6
t20_xboole_1
t6_zfmisc_1
t22_waybel_0
d9_filter_1
t35_orders_2
d6_tex_2
fc7_relat_1
d3_waybel_2
involutiveness_k3_subset_1
t125_zfmisc_1
l142_enumset1
fc16_relat_1
dt_k7_mcart_1
existence_m1_orders_2
t58_xboole_1
t126_relat_1
t34_yellow_0
dt_u1_orders_2
t51_orders_2
t32_orders_2
t38_ordinal1
t9_funct_2
d1_xboole_0
redefinition_r1_funct_2
d1_tex_2
t98_relat_1
dt_k3_yellow19
t34_zfmisc_1
t5_xboole_0
dt_k6_partfun1
t115_zfmisc_1
cc1_lattices
t134_zfmisc_1
dt_k2_orders_2
fc2_lattice3
redefinition_k6_setfam_1
t55_pre_topc
t22_funct_1
t3_tops_2
d18_yellow_6
l27_zfmisc_1
t103_relat_1
t48_enumset1
t33_ordinal1
dt_k2_yellow_0
t146_zfmisc_1
redefinition_k9_setfam_1
dt_k2_yellow_1
dt_k2_tmap_1
dt_k5_waybel_0
t28_compts_1
t60_pre_topc
t66_enumset1
d1_tops_1
d9_pre_topc
t29_zfmisc_1
t56_setfam_1
d5_waybel_7
fc8_tops_1
t163_funct_1
t92_relat_1
t107_enumset1
t15_funct_1
t32_waybel_0
d18_lattice3
t24_orders_2
t26_yellow19
t78_enumset1
rc4_struct_0
cc4_yellow_6
t43_zfmisc_1
t6_waybel_9
reflexivity_r3_lattices
t60_funct_2
t134_enumset1
dt_k2_tops_1
fc14_relat_1
t132_relat_1
t47_mcart_1
d5_tmap_1
dt_k2_struct_0
rc2_partfun1
fraenkel_a_2_4_lattice3
t59_wellord1
dt_m1_yellow_6
t28_lattice3
d14_relat_2
t68_orders_2
l3_subset_1
c_0_39
d2_connsp_2
t63_pre_topc
t43_tex_2
t60_zfmisc_1
t139_relat_1
t129_relat_1
t152_funct_1
t172_funct_1
t103_xboole_1
t94_zfmisc_1
t10_wellord1
t17_xboole_1
dt_m3_yellow_6
t56_enumset1
dt_k3_lattice3
t122_funct_1
t92_xboole_1
t54_relat_1
fc3_xboole_0
t39_relset_1
t99_relat_1
t28_tex_2
t38_orders_2
t33_tops_2
s3_funct_1__e2_25__funct_1
t100_xboole_1
rc4_tops_1
t46_relat_1
fraenkel_a_2_1_orders_2
t33_xboole_1
t15_waybel_0
t20_wellord1
t73_tmap_1
d2_funct_2
t17_lattices
redefinition_k6_numbers
t48_xboole_1
d4_waybel_7
t64_zfmisc_1
cc1_tdlat_3
t1_yellow_1
t100_zfmisc_1
dt_k7_subset_1
t99_enumset1
fc10_tops_1
fc1_zfmisc_1
l62_enumset1
t28_xboole_1
t118_funct_1
t43_subset_1
d3_zfmisc_1
t31_tsep_1
t57_wellord1
t2_subset
t90_relat_1
t32_subset_1
d16_yellow_0
t57_orders_2
t46_yellow_6
t19_zfmisc_1
t71_tops_1
t138_zfmisc_1
t7_boole
t25_tmap_1
t165_funct_1
t18_wellord1
t49_wellord1
fc2_funct_1
t41_enumset1
t104_enumset1
t7_xboole_1
t160_relat_1
t26_zfmisc_1
t144_funct_1
fc1_xboole_0
fraenkel_a_2_2_lattice3
d17_waybel_0
fc6_relat_1
t15_lattice3
d10_yellow_0
t12_zfmisc_1
t2_xboole_1
cc2_funct_1
t45_pre_topc
t35_funct_1
t52_enumset1
t56_subset_1
t14_yellow_1
t51_enumset1
dt_k1_subset_1
fc1_tops_1
t100_enumset1
d1_yellow_1
t74_xboole_1
d4_tarski
t194_relat_1
t31_pre_topc
t112_tmap_1
t4_relset_1
d3_relat_1
d3_tops_1
t112_relat_1
t38_waybel_9
t104_relat_1
fc3_struct_0
t1_filter_0
t69_xboole_1
redefinition_k8_subset_1
t83_tmap_1
t24_yellow19
d8_relat_1
t28_yellow19
t15_mcart_1
d1_enumset1
t42_yellow_6
t51_mcart_1
t39_wellord1
t49_pre_topc
t25_yellow_6
t135_zfmisc_1
t129_zfmisc_1
cc2_partfun1
d13_lattices
t41_tex_2
fc24_relat_1
cc13_tex_2
dt_k16_lattice3
t60_setfam_1
d1_connsp_2
d12_pre_topc
t8_funct_1
t62_enumset1
t13_ordinal1
d5_tsep_1
d6_ordinal1
t44_tops_1
t186_relat_1
redefinition_k4_subset_1
t68_enumset1
t124_relat_1
t20_relat_1
l78_tops_1
dt_k10_lattice3
d2_tops_2
t211_relat_1
t37_mcart_1
t43_lattice3
d5_funct_1
t111_enumset1
commutativity_k1_tsep_1
fc17_relat_1
t55_tops_1
t6_tex_2
t30_orders_2
t173_funct_2
d1_relat_1
t158_partfun1
c_0_50
t12_funct_2
d17_lattice3
d11_binop_1
t25_yellow19
t47_tex_2
dt_o_1_0_wellord2
t49_relat_1
t2_boole
t4_xboole_0
t86_xboole_1
t10_compts_1
t27_tex_2
t8_mcart_1
t108_xboole_1
t127_zfmisc_1
l1_wellord1
cc2_tex_1
t16_zfmisc_1
t26_yellow_1
dt_m1_orders_2
t53_tex_2
dt_k3_funct_2
fc9_funct_2
t55_subset_1
t7_connsp_2
t19_wellord1
d3_tex_2
t107_relat_1
t63_zfmisc_1
fc2_xboole_0
fc6_funct_1
t44_enumset1
t106_relat_1
t62_pre_topc
l52_waybel_9
dt_k10_tmap_1
t30_wellord1
d19_relat_1
cc1_relset_1
t23_xboole_1
t71_xboole_1
t53_enumset1
t17_tdlat_3
fc5_tops_1
t7_tsep_1
t140_relat_1
t27_pre_topc
redefinition_k2_relset_1
t79_enumset1
t49_xboole_1
l98_xboole_1
t63_funct_1
t98_xboole_1
dt_k3_filter_1
dt_k4_filter_0
d18_lattices
t117_enumset1
redefinition_k12_lattice3
t89_xboole_1
t23_waybel_0
t65_relat_1
involutiveness_k7_setfam_1
t40_xboole_1
t22_relset_1
cc3_funct_1
t71_relat_1
t132_funct_2
t23_funct_1
redefinition_k7_domain_1
t56_funct_1
t7_xboole_0
t57_funct_1
d39_waybel_0
t137_funct_1
free_g1_pre_topc
t18_relat_1
t151_relat_1
t8_setfam_1
t31_tops_2
fc18_relat_1
fc6_pre_topc
t4_wellord2
t137_zfmisc_1
t157_funct_1
t14_relset_1
t17_tops_2
t47_xboole_1
s3_funct_1__e4_61_2__funct_1
t23_lattice3
t39_yellow_6
t65_pre_topc
dt_k2_partfun1
t161_relat_1
d11_lattice3
l38_zfmisc_1
t32_xboole_1
d16_lattice3
d9_waybel_9
t51_lattices
t177_relat_1
t5_wellord1
dt_k15_lattice3
abstractness_v1_pre_topc
t171_funct_2
t9_tsep_1
fc5_yellow_1
t13_wellord1
fc20_funcop_1
dt_m1_connsp_2
t178_relat_1
dt_k8_tmap_1
t179_relat_1
t85_funct_1
t21_relat_1
d20_funct_1
d21_lattice3
d10_xboole_0
t142_zfmisc_1
t100_funct_3
cc4_ordinal1
t117_zfmisc_1
t6_boole
d3_tops_2
t17_compts_1
t6_relset_1
d13_funct_1
t1_xboole_1
d2_tarski
abstractness_v1_orders_2
t21_xboole_1
t30_relat_1
reflexivity_r2_relset_1
fc4_funct_1
t64_tops_2
t50_xboole_1
t96_xboole_1
t85_xboole_1
t138_funct_1
t1_tex_2
t12_setfam_1
t169_relat_1
fc9_relat_1
projectivity_k1_tops_1
t47_yellow_0
d12_tmap_1
t49_lattices
t20_yellow_0
fc9_finset_1
t38_zfmisc_1
t153_relat_1
cc2_relat_1
t173_relat_1
dt_k5_setfam_1
dt_o_2_2_yellow_6
t158_funct_2
t143_funct_1
t39_orders_2
cc3_lattices
l68_enumset1
dt_k1_relset_1
cc1_ordinal1
t40_wellord1
t105_tmap_1
t3_wellord2
d4_tmap_1
redefinition_k6_relset_1
t30_tops_1
t35_tops_1
cc5_relat_1
fc9_funct_1
t170_relat_1
t109_enumset1
t11_funct_2
t167_funct_2
t54_relset_1
t87_relat_1
t65_tmap_1
t125_relat_1
t43_funct_1
t23_zfmisc_1
t36_xboole_1
rc4_xreal_0
dt_k8_eqrel_1
fc2_struct_0
dt_k3_tmap_1
t3_yellow_1
d5_tops_2
t16_yellow_0
d4_yellow_0
dt_l1_pre_topc
fraenkel_a_2_0_filter_0
t7_mcart_1
t9_yellow_1
t51_xboole_1
dt_u1_waybel_0
d5_tops_1
t94_xboole_1
cc5_tdlat_3
t5_boole
t35_connsp_2
t109_xboole_1
t49_orders_2
t9_xboole_1
t37_ordinal1
t47_enumset1
t50_mcart_1
t44_pre_topc
c_0_56
t22_xboole_1
connectedness_r1_ordinal1
t175_relat_1
t114_tmap_1
d1_setfam_1
t95_orders_1
d14_relat_1
t57_enumset1
t13_relat_1
t29_pre_topc
t68_tops_1
t52_subset_1
redefinition_k8_relset_1
t44_relat_1
d2_struct_0
t15_relat_1
t25_ordinal1
t168_funct_1
dt_l1_waybel_9
d3_enumset1
t168_relat_1
t4_boole
l26_lattice3
t185_funct_2
t8_wellord2
t168_partfun1
t5_connsp_2
t190_funct_2
t37_waybel_0
t30_relset_1
t9_yellow_0
d1_ordinal1
fc7_funct_1
t31_funct_2
t20_mcart_1
fc4_zfmisc_1
t113_xboole_1
t87_tsep_1
t4_subset_1
dt_m2_orders_2
t75_xboole_1
dt_k9_setfam_1
t6_xboole_0
d16_orders_2
dt_k2_tops_2
t2_wellord2
t142_funct_1
dt_k3_orders_2
t81_relat_1
t6_xboole_1
cc2_finset_1
dt_k12_lattice3
t46_tex_2
fc14_subset_1
l54_zfmisc_1
t23_yellow19
d13_pre_topc
t10_tsep_1
rc1_relset_1
t46_pre_topc
t172_relat_1
t13_relset_1
fc6_yellow_1
t48_mcart_1
t28_relat_1
t22_subset_1
fraenkel_a_2_0_yellow19
fraenkel_a_2_5_lattice3
t2_tsep_1
t205_relat_1
d9_lattices
fc4_lattice3
d9_tmap_1
t35_subset_1
d4_funct_1
t29_mcart_1
t51_pre_topc
l49_waybel_9
t2_yellow_0
l28_lattice3
t123_funct_1
d4_partfun1
fc3_funct_1
d15_funct_1
t37_tex_2
t67_xboole_1
d9_yellow_0
rc1_partfun1
t144_relat_1
existence_l1_waybel_0
t27_yellow19
rc2_funct_2
commutativity_k3_xboole_0
d8_yellow_6
t116_xboole_1
dt_k7_funct_3
d20_yellow_6
existence_m1_connsp_2
t67_funct_2
fc11_tops_1
t102_relat_1
l29_zfmisc_1
t42_enumset1
t132_partfun1
t189_funct_2
t112_enumset1
l3_zfmisc_1
t10_mcart_1
t182_relat_1
dt_k4_yellow_0
t17_waybel_0
t25_zfmisc_1
rc7_pre_topc
t102_enumset1
t22_tsep_1
t69_tops_1
t176_funct_1
t14_yellow19
t31_tex_2
fc13_subset_1
fc6_struct_0
t130_zfmisc_1
t70_xboole_1
t12_funct_1
d4_subset_1
fc4_tops_1
d8_tops_1
dt_k6_setfam_1
d5_relat_1
t18_setfam_1
t41_ordinal1
t209_relat_1
d3_funct_2
t4_funct_2
dt_k2_tsep_1
cc1_zfmisc_1
t68_xboole_1
t2_yellow19
dt_k8_relat_1
t105_relat_1
dt_k6_relat_1
t20_tex_2
dt_k1_yellow19
dt_u1_pre_topc
fraenkel_a_2_1_yellow19
idempotence_k9_subset_1
t10_yellow_0
cc6_tdlat_3
t24_wellord1
t35_borsuk_1
dt_k1_yellow_0
t11_tops_2
t72_zfmisc_1
t61_xboole_1
t65_funct_2
l35_zfmisc_1
t109_relat_1
t46_funct_1
fc4_tmap_1
d1_mcart_1
dt_k1_wellord2
d20_borsuk_1
d1_tmap_1
d6_wellord1
t41_xboole_1
t10_xboole_1
t26_xboole_1
t11_tmap_1
dt_k3_waybel_9
redefinition_k2_partfun1
t31_subset_1
t159_relat_1
redefinition_k1_yellow_1
l45_zfmisc_1
t75_tops_2
t21_yellow_0
t52_tmap_1
d7_xboole_0
t156_relat_1
d12_relat_2
d7_wellord1
t135_tmap_1
t155_relat_1
l51_zfmisc_1
t42_xboole_1
d8_partfun1
d13_pralg_1
t48_funct_1
t29_ordinal1
redefinition_r3_orders_2
reflexivity_r1_funct_2
d7_yellow_0
t67_enumset1
rc2_subset_1
d2_yellow19
d4_lattice3
redefinition_k6_partfun1
rc1_subset_1
t18_pre_topc
t21_funct_1
t25_orders_2
t145_funct_1
t187_relat_1
d1_tsep_1
t141_zfmisc_1
t93_zfmisc_1
d4_struct_0
t19_tsep_1
t73_zfmisc_1
l31_zfmisc_1
dt_k3_waybel_2
t95_relat_1
t162_partfun1
t196_relat_1
d12_setfam_1
d7_tex_2
fc1_yellow19
t22_wellord1
d4_relat_1
l13_xboole_0
t26_tmap_1
fc4_pre_topc
t79_tmap_1
t61_funct_1
d1_relat_2
t7_subset_1
t104_tmap_1
fc1_struct_0
t46_tops_1
t34_ordinal1
t24_ordinal1
t81_enumset1
t3_setfam_1
fraenkel_a_2_1_waybel_0
t121_funct_1
fc13_finset_1
t59_tops_1
t35_yellow_0
t47_wellord1
t29_tops_1
t38_tops_2
t26_tex_2
t16_waybel_0
t5_yellow_0
t55_tex_2
cc2_lattice3
t1_zfmisc_1
t1_tsep_1
d1_wellord2
t52_lattices
t119_zfmisc_1
dt_k1_pre_topc
t10_wellord2
t87_partfun1
t92_orders_1
t25_wellord1
t74_enumset1
t24_relset_1
t38_funct_1
t18_tops_2
dt_k1_orders_2
t14_waybel_0
t87_funct_1
existence_m1_subset_1
fc1_lattice3
t53_mcart_1
t48_waybel_7
t32_wellord1
t8_lattice3
t54_funct_1
t56_tops_1
fc2_filter_1
dt_k7_relat_1
d1_tex_1
t86_funct_1
t67_tops_2
t16_compts_1
t166_relat_1
d7_subset_1
t79_relat_1
t1_yellow_0
t58_tops_1
dt_l3_lattices
t23_yellow_0
t98_zfmisc_1
d19_waybel_0
d12_orders_2
t56_relat_1
t36_connsp_2
d1_tarski
t14_ordinal1
d7_relat_1
t110_relat_1
t28_yellow_6
t37_lattice3
t50_enumset1
d2_ordinal1
d16_lattices
t36_tex_2
t11_tsep_1
t78_tex_2
fc11_funct_2
l44_zfmisc_1
dt_k7_lattice3
t83_zfmisc_1
t4_tsep_1
dt_k1_tops_1
t41_pre_topc
t43_lattices
s3_funct_1__e15_31__wellord2
t38_lattice3
t9_mcart_1
t53_zfmisc_1
cc1_eqrel_1
t80_relat_1
t6_wellord2
l57_waybel_7
d1_yellow19
t41_subset_1
d7_connsp_2
t35_zfmisc_1
t54_wellord1
d8_xboole_0
rc1_funct_2
t54_setfam_1
t131_enumset1
dt_k9_tmap_1
cc4_subset_1
d8_wellord1
dt_k4_waybel_9
l4_wellord1
t50_lattices
t44_tex_2
t11_mcart_1
t147_relat_1
d2_tdlat_3
d9_xboole_0
t24_relat_1
d8_tex_2
t4_subset
t86_tmap_1
cc5_funct_2
d4_setfam_1
t34_funct_1
t8_yellow_1
t29_relset_1
t94_tops_1
fc11_relat_1
d17_lattices
t113_enumset1
t24_xboole_1
t105_enumset1
l36_xboole_1
fc12_finset_1
d1_tops_2
dt_k1_partfun1
dt_k7_tmap_1
d1_zfmisc_1
d6_relat_1
dt_k11_lattice3
t8_xboole_1
t13_zfmisc_1
t22_pre_topc
t65_xboole_1
t37_wellord1
t7_tex_2
t11_xboole_1
t79_zfmisc_1
dt_k2_lattices
dt_k5_relset_1
t48_relat_1
t174_relat_1
t63_tops_2
t1_lattice3
t55_funct_1
d10_pre_topc
d3_tsep_1
fc4_xboole_0
t66_waybel_0
t6_yellow_0
d5_lattices
t44_zfmisc_1
d18_waybel_0
fc3_tmap_1
t22_ordinal1
t91_xboole_1
t84_tops_1
d7_partfun1
t111_relat_1
t33_relset_1
t47_setfam_1
d2_xboole_0
l58_xboole_1
fraenkel_a_2_0_orders_2
d8_filter_0
dt_k3_waybel_0
s1_xboole_0__e7_18__wellord1
t57_zfmisc_1
t145_tmap_1
t45_relat_1
t52_xboole_1
t108_tops_1
t40_funct_2
t26_lattices
t18_tdlat_3
t10_setfam_1
dt_k5_lattice3
fraenkel_a_2_0_waybel_0
t25_yellow_0
dt_k7_setfam_1
cc5_funct_1
t38_xboole_1
t64_yellow_0
t73_tops_1
t25_subset_1
d3_partfun1
t35_funct_2
cc6_funct_2
dt_m2_yellow_6
redefinition_m2_subset_1
t148_partfun1
t5_tsep_1
t14_funct_1
t88_relat_1
t63_enumset1
t30_lattice3
t143_partfun1
t65_orders_2
t26_orders_2
t148_relat_1
t13_finset_1
t29_wellord1
l53_enumset1
involutiveness_k4_relat_1
reflexivity_r3_orders_2
dt_k6_subset_1
t40_yellow_0
t18_compts_1
t11_setfam_1
t42_zfmisc_1
t70_orders_2
t17_yellow_0
t54_tops_1
dt_k6_relset_1
t3_yellow19
rc6_yellow_6
t77_tmap_1
d2_mcart_1
t54_zfmisc_1
rc1_relat_1
fc6_tops_1
redefinition_r2_relset_1
t37_xboole_1
d11_waybel_0
t34_xboole_1
t61_yellow_0
t49_yellow_0
t103_tmap_1
t128_relat_1
t38_relset_1
l44_mcart_1
t189_relat_1
t55_enumset1
redefinition_r1_ordinal1
t22_yellow_0
l97_xboole_1
d4_zfmisc_1
commutativity_k4_lattices
dt_k1_yellow_1
t53_lattices
cc4_lattices
t17_zfmisc_1
d6_tops_1
t93_enumset1
t149_relat_1
d9_orders_2
commutativity_k3_lattices
fc2_funcop_1
t88_tops_1
t177_funct_1
t138_tmap_1
fc3_funct_2
t82_tmap_1
t22_zfmisc_1
t155_funct_1
t118_enumset1
t64_xboole_1
reflexivity_r1_partfun1
t75_relat_1
redefinition_k3_relset_1
t89_relat_1
rc4_orders_2
t60_enumset1
rc3_compts_1
t87_enumset1
d15_relat_1
fc5_struct_0
t29_xboole_1
t67_tmap_1
dt_k6_lattices
t36_tops_2
dt_l1_waybel_0
dt_k1_lattice3
t27_wellord1
t212_relat_1
t1_xboole_0
t40_lattices
d3_borsuk_1
involutiveness_k3_relset_1
t25_relat_1
t38_subset_1
redefinition_k7_funcop_1
t39_xboole_1
d11_relat_1
redefinition_k1_partfun1
t73_mcart_1
t95_zfmisc_1
t51_setfam_1
d4_enumset1
t54_enumset1
t160_funct_2
fc7_struct_0
d5_pre_topc
d12_lattice3
t33_subset_1
fc10_yellow_1
t8_boole
d5_enumset1
d21_waybel_0
redefinition_k4_relset_1
fc8_relat_1
cc2_tdlat_3
t37_relat_1
t6_setfam_1
l33_zfmisc_1
t21_ordinal1
d10_lattice3
t10_subset_1
t40_funct_1
cc4_relat_1
d13_funct_2
cc1_partfun1
t49_zfmisc_1
t75_zfmisc_1
t52_setfam_1
cc4_struct_0
dt_k7_filter_1
d12_relat_1
d9_relat_2
t181_relat_1
d3_mcart_1
cc6_relat_1
t96_tops_1
t101_relat_1
commutativity_k2_xboole_0
t35_filter_1
t41_zfmisc_1
cc32_tex_2
dt_k10_yellow_6
t147_funct_1
t162_relat_1
t4_yellow_1
t45_ordinal1
t64_tmap_1
d5_compts_1
t48_tops_1
l2_wellord1
s3_funct_1__e2_24__funct_1
t103_enumset1
t7_ordinal1
redefinition_k9_funct_3
t50_pre_topc
cc1_pre_topc
t12_xboole_1
d6_waybel_7
t129_enumset1
dt_k8_filter_1
t94_relat_1
d4_lattices
t88_enumset1
dt_k2_wellord1
d2_wellord1
t77_relat_1
dt_g1_pre_topc
t76_xboole_1
dt_k2_waybel_0
t65_tops_1
dt_k7_relset_1
dt_k2_subset_1
commutativity_k13_lattice3
t105_xboole_1
t110_tmap_1
t17_funct_2
t14_zfmisc_1
t207_relat_1
t31_zfmisc_1
t90_xboole_1
t17_wellord1
t51_tex_2
t23_mcart_1
t40_filter_1
d1_funct_2
fraenkel_a_3_0_waybel_9
t137_relat_1
dt_k1_tmap_1
redefinition_r2_funct_2
d15_yellow_6
d16_relat_1
t115_relat_1
t127_relat_1
existence_m1_pre_topc
t23_tmap_1
t16_tsep_1
t53_xboole_1
fc5_tmap_1
d20_waybel_0
t152_relat_1
d7_binop_1
t45_xboole_1
t121_funct_2
d6_pre_topc
t167_funct_1
t118_zfmisc_1
dt_k5_yellow_0
t11_relset_1
d1_waybel_0
t63_xboole_1
l19_yellow_1
l57_enumset1
t120_zfmisc_1
t111_xboole_1
t95_xboole_1
t192_relat_1
t19_yellow_6
d13_tmap_1
t39_lattices
t72_tops_1
t44_tops_2
t202_relat_1
d2_zfmisc_1
t41_filter_1
t65_funct_1
t38_yellow_6
d13_orders_2
t66_funct_1
t63_subset_1
dt_k3_yellow_6
t8_connsp_2
fc2_tmap_1
dt_k8_relset_1
t38_waybel_0
t103_zfmisc_1
t85_tmap_1
dt_k12_pralg_1
t23_ordinal1
t22_tmap_1
t68_funct_1
l1_zfmisc_1
t80_enumset1
d22_lattice3
redefinition_k3_lattices
d4_tops_1
t51_relat_1
fc5_yellow19
t22_relat_1
t44_yellow_0
t32_relat_1
t18_waybel_0
dt_k1_struct_0
t7_tarski
t86_enumset1
fc1_tex_2
t21_tops_2
t12_yellow_6
d16_waybel_0
t74_relat_1
cc3_compts_1
t113_zfmisc_1
t15_yellow_0
fraenkel_a_2_3_lattice3
t4_yellow_0
t5_subset
t143_relat_1
d7_mcart_1
dt_k3_lattices
fc12_struct_0
t45_yellow_0
t33_waybel_0
t14_xboole_1
t34_mcart_1
t108_relat_1
d3_yellow19
t139_zfmisc_1
d8_setfam_1
l72_funct_1
t164_funct_1
dt_o_0_0_xboole_0
l129_enumset1
cc1_relat_1
dt_k1_connsp_2
t101_tops_1
d11_yellow_0
projectivity_k2_pre_topc
antisymmetry_r2_hidden
t15_yellow19
fraenkel_a_2_1_lattice3
t60_xboole_1
dt_k4_lattices
t162_funct_1
t122_zfmisc_1
t16_xboole_1
fraenkel_a_2_0_lattice3
fc4_yellow19
t46_setfam_1
d6_lattices
d5_lattice3
redefinition_k5_relset_1
redefinition_k6_domain_1
t18_funct_1
t59_pre_topc
t32_waybel_9
t84_enumset1
t27_funct_1
d6_waybel_9
d3_wellord1
redefinition_k6_subset_1
t34_lattice3
t5_funct_2
t174_partfun1
t89_tmap_1
t12_tmap_1
t26_ordinal1
dt_k2_relset_1
t34_relset_1
t112_xboole_1
d12_funct_2
dt_k1_lattices
t49_subset_1
t78_orders_2
t137_enumset1
t91_relat_1
d2_waybel_0
t73_xboole_1
t39_zfmisc_1
d2_tops_3
t11_compts_1
idempotence_k3_xboole_0
t79_tops_1
t94_orders_1
dt_k4_waybel_0
d4_tex_2
t49_funct_1
d16_relat_2
dt_k2_pre_topc
commutativity_k12_lattice3
t44_xboole_1
d3_waybel_0
t31_wellord1
t32_yellow_6
t1_boole
d8_lattice3
t139_funct_1
t48_setfam_1
d21_lattices
t117_tmap_1
fc9_struct_0
c_0_9
t3_boole
d5_tex_2
t176_funct_2
t8_waybel_0
t3_funct_2
d7_yellow_6
cc3_relset_1
t167_relat_1
dt_k3_struct_0
t20_tops_2
dt_k13_lattice3
redefinition_k9_subset_1
fc1_funct_2
t29_funct_2
t44_funct_1
l32_xboole_1
d2_subset_1
d3_xboole_0
t18_filter_0
t58_funct_1
t58_enumset1
d8_funct_1
d2_tmap_1
s3_funct_1__e9_44_1__funct_1
t35_ordinal1
t22_yellow_1
t31_waybel_9
cc1_lattice3
t15_compts_1
d12_waybel_0
l13_tops_2
t132_zfmisc_1
t32_tex_2
t92_tops_1
t77_enumset1
dt_k6_filter_1
l80_tops_1
d11_tmap_1
t35_xboole_1
t54_pre_topc
rc3_tops_1
dt_k5_mcart_1
t13_lattice3
t66_relat_1
d4_xboole_0
c_0_32
dt_k1_tsep_1
t13_tex_2
d22_waybel_0
t47_orders_2
t70_enumset1
cc2_pre_topc
t72_enumset1
t6_funct_2
t78_tmap_1
dt_k8_setfam_1
fc1_subset_1
t66_xboole_1
l79_tops_1
t144_tmap_1
t28_wellord1
t66_pre_topc
t7_yellow_0
t76_relat_1
t18_xboole_1
t19_tdlat_3
t93_xboole_1
t67_orders_2
fc9_tops_1
reflexivity_r2_funct_2
d10_setfam_1
t78_tops_2
t123_relat_1
c_0_51
d8_relat_2
t27_tops_1
t81_tops_1
t48_yellow_0
t123_enumset1
t191_relat_1
dt_o_1_5_relat_1
dt_k3_yellow_0
t53_funct_1
cc1_funct_2
d5_xboole_0
t12_mcart_1
l123_enumset1
t49_setfam_1
dt_k2_funct_2
l3_wellord1
d18_waybel_1
dt_k4_subset_1
t26_relat_1
redefinition_k1_relset_1
fc2_tex_2
t217_relat_1
t7_wellord2
fc1_relat_1
t62_orders_2
t69_orders_2
t26_wellord1
t64_relat_1
t46_enumset1
d2_tsep_1
t4_yellow19
t48_funct_2
d18_relat_1
t80_zfmisc_1
dt_m1_pre_topc
t86_tops_1
dt_k6_mcart_1
d13_setfam_1
redefinition_k3_funct_2
t128_enumset1
t83_enumset1
t123_zfmisc_1
t82_enumset1
fc22_relat_1
d15_orders_2
t146_relat_1
t43_enumset1
t2_zfmisc_1
dt_k11_yellow_6
dt_k6_domain_1
t14_relat_1
t55_relat_1
d7_tops_1
t7_lattice3
t13_xboole_1
cc2_relset_1
t98_enumset1
t31_yellow_0
t3_subset
t48_orders_2
t48_zfmisc_1
dt_k5_lattices
t2_mcart_1
dt_k6_waybel_0
t74_tex_2
d1_funct_1
d8_orders_1
t76_tex_2
t20_zfmisc_1
redefinition_k7_relset_1
dt_k4_relat_1
t32_finset_1
d3_subset_1
t4_xboole_1
commutativity_k5_xboole_0
t62_tops_1
d8_lattices
t52_funct_1
t148_funct_1
t87_xboole_1
d2_setfam_1
cc2_tops_1
t106_xboole_1
t23_wellord1
t145_relat_1
dt_k3_relset_1
t84_tmap_1
t59_funct_1
redefinition_r3_lattices
d4_mcart_1
t36_subset_1
t25_xboole_1
t28_subset_1
t75_enumset1
t138_relat_1
t3_xboole_0
t36_waybel_0
t2_tarski
t16_mcart_1
t95_tops_1
d3_lattice3
t52_wellord1
t66_tmap_1
t9_funct_1
d5_mcart_1
t60_relat_1
t55_tops_2
t68_tops_2
t115_funct_2
t96_relat_1
d1_classes1
dt_m2_connsp_2
t5_xboole_1
t72_funct_1
cc1_subset_1
t67_funct_1
dt_k4_lattice3
t154_funct_1
t43_xboole_1
commutativity_k9_subset_1
t36_ordinal1
t49_tmap_1
t61_enumset1
t130_funct_2
cc2_tex_2
t36_mcart_1
fraenkel_a_3_4_lattice3
t136_enumset1
t29_waybel_9
t10_ordinal1
dt_k4_relset_1
d5_subset_1
t34_tops_2
symmetry_r1_tsep_1
fc3_zfmisc_1
redefinition_k4_lattices
d7_tmap_1
dt_k9_subset_1
t62_yellow_0
d5_wellord1
t8_tex_2
t55_zfmisc_1
t52_mcart_1
d10_orders_2
t127_enumset1
d3_lattices
t13_yellow_1
t72_tex_2
t81_zfmisc_1
t132_enumset1
cc2_funct_2
cc1_funct_1
dt_k5_relat_1
t77_xboole_1
t52_pre_topc
t42_subset_1
dt_k2_funct_1
t116_relat_1
l2_zfmisc_1
d2_tops_1
t99_zfmisc_1
t31_tops_1
t3_xboole_1
symmetry_r1_xboole_0
d15_yellow_0
t47_funct_2
t67_relat_1
t195_relat_1
t47_lattice3
t16_tops_2
t204_relat_1
l24_zfmisc_1
commutativity_k4_subset_1
idempotence_k2_xboole_0
l22_zfmisc_1
d2_yellow_1
dt_k6_tmap_1
t65_enumset1
t39_subset_1
t34_tex_2
d13_yellow_0
t15_xboole_1
t47_funct_1
t35_tops_2
t23_relat_1
t21_lattices
d5_partfun1
t62_funct_2
t66_mcart_1
t150_funct_1
t72_relat_1
s1_xboole_0__e3_53__ordinal1
l48_tex_2
t39_pre_topc
t36_wellord1
t119_relat_1
fc5_subset_1
d10_relat_1
dt_k3_subset_1
redefinition_k13_lattice3
t73_enumset1
rc1_xboole_0
t47_relat_1
d5_yellow_0
cc2_subset_1
free_g1_orders_2
t39_ordinal1
t68_mcart_1
t46_yellow_0
c_0_31
t6_connsp_2
d1_pre_topc
d4_relat_2
t125_enumset1
t86_relat_1
t21_waybel_0
t35_mcart_1
d10_tmap_1
t81_tmap_1
t161_funct_2
t81_xboole_1
t6_mcart_1
t97_xboole_1
t69_enumset1
d10_struct_0
t128_zfmisc_1
rc3_subset_1
t116_enumset1
t83_xboole_1
dt_k5_tmap_1
cc10_tex_2
fc7_yellow_1
d5_yellow_1
d4_tops_2
t77_mcart_1
fc2_relat_1
d13_relat_1
fraenkel_a_3_6_lattice3
dt_l1_orders_2
antisymmetry_r2_xboole_0
t113_tmap_1
t50_yellow_0
t23_lattices
cc4_relset_1
t88_xboole_1
t96_zfmisc_1
t19_xboole_1
t11_waybel_7
t193_relat_1
t59_zfmisc_1
t96_mcart_1
d1_tdlat_3
t19_relat_1
t9_waybel_0
dt_m1_yellow_0
fc7_tops_1
t78_relat_1
t64_enumset1
t85_enumset1
t117_funct_1
t30_yellow_0
t9_zfmisc_1
l75_enumset1
t133_enumset1
t119_enumset1
fc10_relat_1
t24_compts_1
t13_mcart_1
t91_tops_1
t59_yellow_0
t35_tex_2
d4_wellord1
t91_orders_1
c_0_25
t69_zfmisc_1
t5_wellord2
fc2_yellow_0
d7_waybel_9
t31_yellow_6
t65_zfmisc_1
t10_waybel_0
t150_relat_1
dt_k4_waybel_1
d6_xboole_0
d3_struct_0
t169_partfun1
redefinition_k2_funct_2
t23_tsep_1
t89_enumset1
t117_relat_1
l49_zfmisc_1
redefinition_k7_subset_1
t4_waybel_7
t51_wellord1
t144_zfmisc_1
dt_m1_eqrel_1
dt_k1_tops_2
t61_mcart_1
dt_k1_tex_2
d1_wellord1
d40_waybel_0
t41_waybel_0
t130_relat_1
t65_tex_2
t31_waybel_0
d8_yellow_0
t106_tmap_1
d3_tarski
t4_setfam_1
irreflexivity_r2_orders_2
commutativity_k2_tarski
symmetry_r2_funct_2
t9_tex_2
t1_subset
dt_k7_lattices
cc1_struct_0
t1_mcart_1
t67_zfmisc_1
d3_setfam_1
d9_lattice3
d6_mcart_1
t71_enumset1
t155_funct_2
t95_enumset1
t87_tmap_1
dt_g1_orders_2
t48_pre_topc
t70_funct_1
d15_waybel_0
t78_xboole_1
t55_xboole_1
t97_relat_1
t171_relat_1
t36_funct_2
t46_xboole_1
t43_tops_1
t79_xboole_1
t152_zfmisc_1
t37_waybel_9
d9_funct_1
t36_zfmisc_1
t46_lattice3
t7_funct_2
t146_funct_1
s3_funct_1__e7_25__funct_1
fc8_yellow_1
t74_tops_1
fc8_funct_1
redefinition_k5_setfam_1
t28_relset_1
